{"numFailedTestSuites":1,"numFailedTests":2,"numPassedTestSuites":0,"numPassedTests":11,"numPendingTestSuites":0,"numPendingTests":0,"numRuntimeErrorTestSuites":0,"numTodoTests":0,"numTotalTestSuites":1,"numTotalTests":13,"openHandles":[],"snapshot":{"added":0,"didUpdate":false,"failure":false,"filesAdded":0,"filesRemoved":0,"filesRemovedList":[],"filesUnmatched":0,"filesUpdated":0,"matched":0,"total":0,"unchecked":0,"uncheckedKeysByFile":[],"unmatched":0,"updated":0},"startTime":1675843471053,"success":false,"testResults":[{"assertionResults":[{"ancestorTitles":["flight Router"],"failureMessages":[],"fullName":"flight Router GET /flight 요청은 파싱 가능한 JSON 문자열을 돌려줘야 합니다","location":null,"status":"passed","title":"GET /flight 요청은 파싱 가능한 JSON 문자열을 돌려줘야 합니다"},{"ancestorTitles":["flight Router"],"failureMessages":[],"fullName":"flight Router GET /flight 요청의 응답은 배열의 형태여야 합니다","location":null,"status":"passed","title":"GET /flight 요청의 응답은 배열의 형태여야 합니다"},{"ancestorTitles":["flight Router"],"failureMessages":[],"fullName":"flight Router GET /flight 요청의 응답 객체는 `uuid, departure, destination, departure_times, arrival_times`를 포함해야 합니다","location":null,"status":"passed","title":"GET /flight 요청의 응답 객체는 `uuid, departure, destination, departure_times, arrival_times`를 포함해야 합니다"},{"ancestorTitles":["flight Router"],"failureMessages":[],"fullName":"flight Router GET /flight?departure_times=2021-12-03T12:00:00&arrival_times=2021-12-03T12:00:00를 입력하면 조건에 해당하는 객체를 응답으로 보냅니다","location":null,"status":"passed","title":"GET /flight?departure_times=2021-12-03T12:00:00&arrival_times=2021-12-03T12:00:00를 입력하면 조건에 해당하는 객체를 응답으로 보냅니다"},{"ancestorTitles":["flight Router"],"failureMessages":[],"fullName":"flight Router GET /flight?departure=CJU&destination=ICN 을 입력하면 조건에 해당하는 객체를 응답으로 보냅니다","location":null,"status":"passed","title":"GET /flight?departure=CJU&destination=ICN 을 입력하면 조건에 해당하는 객체를 응답으로 보냅니다"},{"ancestorTitles":["flight Router"],"failureMessages":[],"fullName":"flight Router GET /flight/:uuid 요청의 응답 객체는 `uuid, departure, destination, departure_times, arrival_times`를 포함해야 합니다","location":null,"status":"passed","title":"GET /flight/:uuid 요청의 응답 객체는 `uuid, departure, destination, departure_times, arrival_times`를 포함해야 합니다"},{"ancestorTitles":["Book Router"],"failureMessages":[],"fullName":"Book Router GET /book 요청의 응답은 배열의 형태여야 합니다","location":null,"status":"passed","title":"GET /book 요청의 응답은 배열의 형태여야 합니다"},{"ancestorTitles":["Book Router"],"failureMessages":[],"fullName":"Book Router GET /book 요청은 파싱 가능한 JSON 문자열을 돌려줘야 합니다","location":null,"status":"passed","title":"GET /book 요청은 파싱 가능한 JSON 문자열을 돌려줘야 합니다"},{"ancestorTitles":["Book Router"],"failureMessages":[],"fullName":"Book Router POST /book 요청시, uuid, name, phone 데이터가 booking 배열에 객체 형태로 저장되어야 합니다.","location":null,"status":"passed","title":"POST /book 요청시, uuid, name, phone 데이터가 booking 배열에 객체 형태로 저장되어야 합니다."},{"ancestorTitles":["Book Router"],"failureMessages":[],"fullName":"Book Router GET /book/:phone 요청은 특정 예약자 전화번호에 대한 예약 데이터를 응답으로 보냅니다","location":null,"status":"passed","title":"GET /book/:phone 요청은 특정 예약자 전화번호에 대한 예약 데이터를 응답으로 보냅니다"},{"ancestorTitles":["Book Router"],"failureMessages":[],"fullName":"Book Router GET /book/:phone/:flight_uuid 요청은 특정 항공편의 예약자 전화번호에 대한 예약 데이터를 응답으로 보냅니다","location":null,"status":"passed","title":"GET /book/:phone/:flight_uuid 요청은 특정 항공편의 예약자 전화번호에 대한 예약 데이터를 응답으로 보냅니다"},{"ancestorTitles":["Advanced Challenges"],"failureMessages":[": Timeout - Async callback was not invoked within the 5000 ms timeout specified by jest.setTimeout.Timeout - Async callback was not invoked within the 5000 ms timeout specified by jest.setTimeout.Error: \n    at new Spec (/Users/soulhn/Desktop/Web/codeStates/Section 2/Unit10_WebServer/fe-sprint-statesairline-server-master/node_modules/jest-jasmine2/build/jasmine/Spec.js:116:22)\n    at new Spec (/Users/soulhn/Desktop/Web/codeStates/Section 2/Unit10_WebServer/fe-sprint-statesairline-server-master/node_modules/jest-jasmine2/build/setup_jest_globals.js:78:9)\n    at specFactory (/Users/soulhn/Desktop/Web/codeStates/Section 2/Unit10_WebServer/fe-sprint-statesairline-server-master/node_modules/jest-jasmine2/build/jasmine/Env.js:523:24)\n    at Env.it (/Users/soulhn/Desktop/Web/codeStates/Section 2/Unit10_WebServer/fe-sprint-statesairline-server-master/node_modules/jest-jasmine2/build/jasmine/Env.js:592:24)\n    at Env.it (/Users/soulhn/Desktop/Web/codeStates/Section 2/Unit10_WebServer/fe-sprint-statesairline-server-master/node_modules/jest-jasmine2/build/jasmineAsyncInstall.js:92:25)\n    at test (/Users/soulhn/Desktop/Web/codeStates/Section 2/Unit10_WebServer/fe-sprint-statesairline-server-master/node_modules/jest-jasmine2/build/jasmine/jasmineLight.js:100:21)\n    at Suite.<anonymous> (/Users/soulhn/Desktop/Web/codeStates/Section 2/Unit10_WebServer/fe-sprint-statesairline-server-master/statesairline/__test__/statesairline.test.js:198:3)\n    at addSpecsToSuite (/Users/soulhn/Desktop/Web/codeStates/Section 2/Unit10_WebServer/fe-sprint-statesairline-server-master/node_modules/jest-jasmine2/build/jasmine/Env.js:444:51)\n    at Env.describe (/Users/soulhn/Desktop/Web/codeStates/Section 2/Unit10_WebServer/fe-sprint-statesairline-server-master/node_modules/jest-jasmine2/build/jasmine/Env.js:414:11)\n    at describe (/Users/soulhn/Desktop/Web/codeStates/Section 2/Unit10_WebServer/fe-sprint-statesairline-server-master/node_modules/jest-jasmine2/build/jasmine/jasmineLight.js:88:18)\n    at Object.<anonymous> (/Users/soulhn/Desktop/Web/codeStates/Section 2/Unit10_WebServer/fe-sprint-statesairline-server-master/statesairline/__test__/statesairline.test.js:193:1)\n    at Runtime._execModule (/Users/soulhn/Desktop/Web/codeStates/Section 2/Unit10_WebServer/fe-sprint-statesairline-server-master/node_modules/jest-runtime/build/index.js:1299:24)\n    at Runtime._loadModule (/Users/soulhn/Desktop/Web/codeStates/Section 2/Unit10_WebServer/fe-sprint-statesairline-server-master/node_modules/jest-runtime/build/index.js:898:12)\n    at Runtime.requireModule (/Users/soulhn/Desktop/Web/codeStates/Section 2/Unit10_WebServer/fe-sprint-statesairline-server-master/node_modules/jest-runtime/build/index.js:746:10)\n    at jasmine2 (/Users/soulhn/Desktop/Web/codeStates/Section 2/Unit10_WebServer/fe-sprint-statesairline-server-master/node_modules/jest-jasmine2/build/index.js:230:13)\n    at runTestInternal (/Users/soulhn/Desktop/Web/codeStates/Section 2/Unit10_WebServer/fe-sprint-statesairline-server-master/node_modules/jest-runner/build/runTest.js:380:22)\n    at runTest (/Users/soulhn/Desktop/Web/codeStates/Section 2/Unit10_WebServer/fe-sprint-statesairline-server-master/node_modules/jest-runner/build/runTest.js:472:34)"],"fullName":"Advanced Challenges PUT /flight/:uuid 요청의 업데이트 된 객체를 응답으로 보냅니다","location":null,"status":"failed","title":"PUT /flight/:uuid 요청의 업데이트 된 객체를 응답으로 보냅니다"},{"ancestorTitles":["Advanced Challenges"],"failureMessages":[": Timeout - Async callback was not invoked within the 5000 ms timeout specified by jest.setTimeout.Timeout - Async callback was not invoked within the 5000 ms timeout specified by jest.setTimeout.Error: \n    at new Spec (/Users/soulhn/Desktop/Web/codeStates/Section 2/Unit10_WebServer/fe-sprint-statesairline-server-master/node_modules/jest-jasmine2/build/jasmine/Spec.js:116:22)\n    at new Spec (/Users/soulhn/Desktop/Web/codeStates/Section 2/Unit10_WebServer/fe-sprint-statesairline-server-master/node_modules/jest-jasmine2/build/setup_jest_globals.js:78:9)\n    at specFactory (/Users/soulhn/Desktop/Web/codeStates/Section 2/Unit10_WebServer/fe-sprint-statesairline-server-master/node_modules/jest-jasmine2/build/jasmine/Env.js:523:24)\n    at Env.it (/Users/soulhn/Desktop/Web/codeStates/Section 2/Unit10_WebServer/fe-sprint-statesairline-server-master/node_modules/jest-jasmine2/build/jasmine/Env.js:592:24)\n    at Env.it (/Users/soulhn/Desktop/Web/codeStates/Section 2/Unit10_WebServer/fe-sprint-statesairline-server-master/node_modules/jest-jasmine2/build/jasmineAsyncInstall.js:92:25)\n    at test (/Users/soulhn/Desktop/Web/codeStates/Section 2/Unit10_WebServer/fe-sprint-statesairline-server-master/node_modules/jest-jasmine2/build/jasmine/jasmineLight.js:100:21)\n    at Suite.<anonymous> (/Users/soulhn/Desktop/Web/codeStates/Section 2/Unit10_WebServer/fe-sprint-statesairline-server-master/statesairline/__test__/statesairline.test.js:220:3)\n    at addSpecsToSuite (/Users/soulhn/Desktop/Web/codeStates/Section 2/Unit10_WebServer/fe-sprint-statesairline-server-master/node_modules/jest-jasmine2/build/jasmine/Env.js:444:51)\n    at Env.describe (/Users/soulhn/Desktop/Web/codeStates/Section 2/Unit10_WebServer/fe-sprint-statesairline-server-master/node_modules/jest-jasmine2/build/jasmine/Env.js:414:11)\n    at describe (/Users/soulhn/Desktop/Web/codeStates/Section 2/Unit10_WebServer/fe-sprint-statesairline-server-master/node_modules/jest-jasmine2/build/jasmine/jasmineLight.js:88:18)\n    at Object.<anonymous> (/Users/soulhn/Desktop/Web/codeStates/Section 2/Unit10_WebServer/fe-sprint-statesairline-server-master/statesairline/__test__/statesairline.test.js:193:1)\n    at Runtime._execModule (/Users/soulhn/Desktop/Web/codeStates/Section 2/Unit10_WebServer/fe-sprint-statesairline-server-master/node_modules/jest-runtime/build/index.js:1299:24)\n    at Runtime._loadModule (/Users/soulhn/Desktop/Web/codeStates/Section 2/Unit10_WebServer/fe-sprint-statesairline-server-master/node_modules/jest-runtime/build/index.js:898:12)\n    at Runtime.requireModule (/Users/soulhn/Desktop/Web/codeStates/Section 2/Unit10_WebServer/fe-sprint-statesairline-server-master/node_modules/jest-runtime/build/index.js:746:10)\n    at jasmine2 (/Users/soulhn/Desktop/Web/codeStates/Section 2/Unit10_WebServer/fe-sprint-statesairline-server-master/node_modules/jest-jasmine2/build/index.js:230:13)\n    at runTestInternal (/Users/soulhn/Desktop/Web/codeStates/Section 2/Unit10_WebServer/fe-sprint-statesairline-server-master/node_modules/jest-runner/build/runTest.js:380:22)\n    at runTest (/Users/soulhn/Desktop/Web/codeStates/Section 2/Unit10_WebServer/fe-sprint-statesairline-server-master/node_modules/jest-runner/build/runTest.js:472:34)"],"fullName":"Advanced Challenges PUT /flight/:uuid 요청의 일부 데이터만 업데이트 된 객체를 응답으로 보냅니다","location":null,"status":"failed","title":"PUT /flight/:uuid 요청의 일부 데이터만 업데이트 된 객체를 응답으로 보냅니다"}],"endTime":1675843481708,"message":"  ● Advanced Challenges › PUT /flight/:uuid 요청의 업데이트 된 객체를 응답으로 보냅니다\n\n    : Timeout - Async callback was not invoked within the 5000 ms timeout specified by jest.setTimeout.Timeout - Async callback was not invoked within the 5000 ms timeout specified by jest.setTimeout.Error:\n\n      196 |   });\n      197 | \n    > 198 |   test('PUT /flight/:uuid 요청의 업데이트 된 객체를 응답으로 보냅니다', function (done) {\n          |   ^\n      199 |     return request(app)\n      200 |       .put('/flight/af6fa55c-da65-47dd-af23-578fdba99bed')\n      201 |       .send({\n\n      at new Spec (node_modules/jest-jasmine2/build/jasmine/Spec.js:116:22)\n      at Suite.<anonymous> (statesairline/__test__/statesairline.test.js:198:3)\n      at Object.<anonymous> (statesairline/__test__/statesairline.test.js:193:1)\n\n  ● Advanced Challenges › PUT /flight/:uuid 요청의 일부 데이터만 업데이트 된 객체를 응답으로 보냅니다\n\n    : Timeout - Async callback was not invoked within the 5000 ms timeout specified by jest.setTimeout.Timeout - Async callback was not invoked within the 5000 ms timeout specified by jest.setTimeout.Error:\n\n      218 |   });\n      219 | \n    > 220 |   test('PUT /flight/:uuid 요청의 일부 데이터만 업데이트 된 객체를 응답으로 보냅니다', function (done) {\n          |   ^\n      221 |     return request(app)\n      222 |       .put('/flight/af6fa55c-da65-47dd-af23-578fdba99bed')\n      223 |       .send({\n\n      at new Spec (node_modules/jest-jasmine2/build/jasmine/Spec.js:116:22)\n      at Suite.<anonymous> (statesairline/__test__/statesairline.test.js:220:3)\n      at Object.<anonymous> (statesairline/__test__/statesairline.test.js:193:1)\n","name":"/Users/soulhn/Desktop/Web/codeStates/Section 2/Unit10_WebServer/fe-sprint-statesairline-server-master/statesairline/__test__/statesairline.test.js","startTime":1675843471274,"status":"failed","summary":""}],"wasInterrupted":false}